<?xml version="1.0" encoding="UTF-8"?>
<!-- Generated by org.testng.reporters.JUnitReportReporter -->
<testsuite hostname="INLM-KeerthanaE1.local" failures="0" tests="1" name="com.w2a.testcases.OpenAccountTest" time="0.000" errors="0" timestamp="09 Jan 2021 06:10:57 GMT" skipped="1">
  <testcase classname="com.w2a.testcases.OpenAccountTest" name="openAccountTest" time="0.000">
    <skipped/>
  </testcase> <!-- openAccountTest -->
</testsuite> <!-- com.w2a.testcases.OpenAccountTest -->
